<?xml version="1.0" encoding="UTF-8"?>
<testng-results ignored="0" total="4" passed="4" failed="0" skipped="0">
  <reporter-output>
  </reporter-output>
  <suite started-at="2022-10-03T17:14:33 IST" name="Default suite" finished-at="2022-10-03T17:16:44 IST" duration-ms="130536">
    <groups>
    </groups>
    <test started-at="2022-10-03T17:14:33 IST" name="Default test" finished-at="2022-10-03T17:16:44 IST" duration-ms="130536">
      <class name="com.simplilearn.demo.AmazonAutomation">
        <test-method is-config="true" signature="beforeMethod()[pri:0, instance:com.simplilearn.demo.AmazonAutomation@4d465b11]" started-at="2022-10-03T17:14:33 IST" name="beforeMethod" finished-at="2022-10-03T17:14:39 IST" duration-ms="5248" status="PASS">
          <reporter-output>
          </reporter-output>
        </test-method> <!-- beforeMethod -->
        <test-method signature="addtocart()[pri:0, instance:com.simplilearn.demo.AmazonAutomation@4d465b11]" started-at="2022-10-03T17:14:39 IST" name="addtocart" finished-at="2022-10-03T17:15:34 IST" duration-ms="55906" status="PASS">
          <reporter-output>
          </reporter-output>
        </test-method> <!-- addtocart -->
        <test-method is-config="true" signature="afterMethod()[pri:0, instance:com.simplilearn.demo.AmazonAutomation@4d465b11]" started-at="2022-10-03T17:15:34 IST" name="afterMethod" finished-at="2022-10-03T17:15:35 IST" duration-ms="1" status="PASS">
          <reporter-output>
          </reporter-output>
        </test-method> <!-- afterMethod -->
        <test-method is-config="true" signature="beforeMethod()[pri:0, instance:com.simplilearn.demo.AmazonAutomation@4d465b11]" started-at="2022-10-03T17:15:35 IST" name="beforeMethod" finished-at="2022-10-03T17:15:36 IST" duration-ms="1308" status="PASS">
          <reporter-output>
          </reporter-output>
        </test-method> <!-- beforeMethod -->
        <test-method signature="login()[pri:0, instance:com.simplilearn.demo.AmazonAutomation@4d465b11]" started-at="2022-10-03T17:15:36 IST" name="login" finished-at="2022-10-03T17:15:50 IST" duration-ms="14077" status="PASS">
          <reporter-output>
          </reporter-output>
        </test-method> <!-- login -->
        <test-method is-config="true" signature="afterMethod()[pri:0, instance:com.simplilearn.demo.AmazonAutomation@4d465b11]" started-at="2022-10-03T17:15:50 IST" name="afterMethod" finished-at="2022-10-03T17:15:50 IST" duration-ms="1" status="PASS">
          <reporter-output>
          </reporter-output>
        </test-method> <!-- afterMethod -->
        <test-method is-config="true" signature="beforeMethod()[pri:0, instance:com.simplilearn.demo.AmazonAutomation@4d465b11]" started-at="2022-10-03T17:15:50 IST" name="beforeMethod" finished-at="2022-10-03T17:15:51 IST" duration-ms="1210" status="PASS">
          <reporter-output>
          </reporter-output>
        </test-method> <!-- beforeMethod -->
        <test-method signature="register()[pri:0, instance:com.simplilearn.demo.AmazonAutomation@4d465b11]" started-at="2022-10-03T17:15:51 IST" name="register" finished-at="2022-10-03T17:16:01 IST" duration-ms="9554" status="PASS">
          <reporter-output>
          </reporter-output>
        </test-method> <!-- register -->
        <test-method is-config="true" signature="afterMethod()[pri:0, instance:com.simplilearn.demo.AmazonAutomation@4d465b11]" started-at="2022-10-03T17:16:01 IST" name="afterMethod" finished-at="2022-10-03T17:16:01 IST" duration-ms="0" status="PASS">
          <reporter-output>
          </reporter-output>
        </test-method> <!-- afterMethod -->
        <test-method is-config="true" signature="beforeMethod()[pri:0, instance:com.simplilearn.demo.AmazonAutomation@4d465b11]" started-at="2022-10-03T17:16:01 IST" name="beforeMethod" finished-at="2022-10-03T17:16:02 IST" duration-ms="1243" status="PASS">
          <reporter-output>
          </reporter-output>
        </test-method> <!-- beforeMethod -->
        <test-method signature="search()[pri:0, instance:com.simplilearn.demo.AmazonAutomation@4d465b11]" started-at="2022-10-03T17:16:02 IST" name="search" finished-at="2022-10-03T17:16:44 IST" duration-ms="41917" status="PASS">
          <reporter-output>
          </reporter-output>
        </test-method> <!-- search -->
        <test-method is-config="true" signature="afterMethod()[pri:0, instance:com.simplilearn.demo.AmazonAutomation@4d465b11]" started-at="2022-10-03T17:16:44 IST" name="afterMethod" finished-at="2022-10-03T17:16:44 IST" duration-ms="0" status="PASS">
          <reporter-output>
          </reporter-output>
        </test-method> <!-- afterMethod -->
      </class> <!-- com.simplilearn.demo.AmazonAutomation -->
    </test> <!-- Default test -->
  </suite> <!-- Default suite -->
</testng-results>
