<?xml version="1.0" encoding="UTF-8"?>
<!-- Generated by org.testng.reporters.JUnitXMLReporter -->
<testsuite ignored="0" hostname="DESKTOP-2L7ULHO" failures="0" tests="4" name="Default test" time="130.536" errors="0" timestamp="2022-10-03T17:16:44 IST">
  <testcase classname="com.simplilearn.demo.AmazonAutomation" name="addtocart" time="55.906"/>
  <testcase classname="com.simplilearn.demo.AmazonAutomation" name="login" time="14.077"/>
  <testcase classname="com.simplilearn.demo.AmazonAutomation" name="register" time="9.554"/>
  <testcase classname="com.simplilearn.demo.AmazonAutomation" name="search" time="41.917"/>
</testsuite> <!-- Default test -->
